<?xml version="1.0" encoding="UTF-8"?>
<!-- Generated by org.testng.reporters.JUnitXMLReporter -->
<testsuite hostname="DESKTOP-EP0ID7K" ignored="0" name="Test" tests="3" failures="0" timestamp="15 Jun 2018 08:57:10 GMT" time="39.008" errors="0">
  <testcase name="checkversion" time="6.613" classname="scripts.Validversion"/>
  <testcase name="testValidLoginLogout" time="1.855" classname="scripts.Validloginlogout"/>
  <testcase name="checkuser" time="1.14" classname="scripts.Validuser"/>
</testsuite> <!-- Test -->
